生成启动时间为 2023/12/8 8:27:43。
     1>项目“E:\图形学\图形学\Exp1\Exp1.vcxproj”在节点 2 上(Build 个目标)。
     1>ClCompile:
         D:\Program Files (x86)\Microsoft Visual Studio 12.0\VC\bin\CL.exe /c /ZI /nologo /W3 /WX- /Od /Oy- /D WIN32 /D _WINDOWS /D _DEBUG /D _UNICODE /D UNICODE /D _AFXDLL /Gm /EHsc /RTC1 /MDd /GS /fp:precise /Zc:wchar_t /Zc:forScope /Yu"stdafx.h" /Fp"Debug\Exp1.pch" /Fo"Debug\\" /Fd"Debug\vc120.pdb" /Gd /TP /analyze- /errorReport:prompt Exp1.cpp Exp1Doc.cpp Exp1View.cpp MainFrm.cpp
         正在跳过...(未检测到相关更改)
         MainFrm.cpp
         Exp1View.cpp
         Exp1Doc.cpp
         Exp1.cpp
       ResourceCompile:
         C:\Program Files (x86)\Windows Kits\8.1\bin\x86\rc.exe /D _DEBUG /D _UNICODE /D UNICODE /D _AFXDLL /l"0x0804" /IDebug\ /nologo /fo"Debug\Exp1.res" Exp1.rc 
       Link:
         D:\Program Files (x86)\Microsoft Visual Studio 12.0\VC\bin\link.exe /ERRORREPORT:PROMPT /OUT:"E:\图形学\图形学\Debug\Exp1.exe" /INCREMENTAL /NOLOGO /MANIFEST /MANIFESTUAC:"level='asInvoker' uiAccess='false'" /manifest:embed /manifestinput:"D:\Program Files (x86)\Microsoft Visual Studio 12.0\VC\Include\Manifest\dpiaware.manifest" /DEBUG /PDB:"E:\图形学\图形学\Debug\Exp1.pdb" /SUBSYSTEM:WINDOWS /TLBID:1 /ENTRY:"wWinMainCRTStartup" /DYNAMICBASE /NXCOMPAT /IMPLIB:"E:\图形学\图形学\Debug\Exp1.lib" /MACHINE:X86 Debug\Exp1.res
         Debug\Exp1.obj
         Debug\Exp1Doc.obj
         Debug\Exp1View.obj
         Debug\MainFrm.obj
         Debug\stdafx.obj
         Exp1.vcxproj -> E:\图形学\图形学\Debug\Exp1.exe
     1>已完成生成项目“E:\图形学\图形学\Exp1\Exp1.vcxproj”(Build 个目标)的操作。

生成成功。

已用时间 00:00:00.73
