生成启动时间为 2023/12/15 13:38:29。
     1>项目“E:\图形学\图形学\Exp3\Exp3.vcxproj”在节点 2 上(Build 个目标)。
     1>ClCompile:
         D:\Program Files (x86)\Microsoft Visual Studio 12.0\VC\bin\CL.exe /c /ZI /nologo /W3 /WX- /Od /Oy- /D WIN32 /D _WINDOWS /D _DEBUG /D _UNICODE /D UNICODE /D _AFXDLL /Gm /EHsc /RTC1 /MDd /GS /fp:precise /Zc:wchar_t /Zc:forScope /Yu"stdafx.h" /Fp"Debug\Exp3.pch" /Fo"Debug\\" /Fd"Debug\vc120.pdb" /Gd /TP /analyze- /errorReport:prompt Exp3View.cpp
         Exp3View.cpp
     1>e:\图形学\图形学\exp3\exp3view.cpp(321): warning C4244: “=”: 从“double”转换到“LONG”，可能丢失数据
     1>e:\图形学\图形学\exp3\exp3view.cpp(322): warning C4244: “=”: 从“double”转换到“LONG”，可能丢失数据
     1>e:\图形学\图形学\exp3\exp3view.cpp(383): warning C4244: “=”: 从“double”转换到“LONG”，可能丢失数据
     1>e:\图形学\图形学\exp3\exp3view.cpp(384): warning C4244: “=”: 从“double”转换到“LONG”，可能丢失数据
       Link:
         D:\Program Files (x86)\Microsoft Visual Studio 12.0\VC\bin\link.exe /ERRORREPORT:PROMPT /OUT:"E:\图形学\图形学\Debug\Exp3.exe" /INCREMENTAL /NOLOGO /MANIFEST /MANIFESTUAC:"level='asInvoker' uiAccess='false'" /manifest:embed /manifestinput:"D:\Program Files (x86)\Microsoft Visual Studio 12.0\VC\Include\Manifest\dpiaware.manifest" /DEBUG /PDB:"E:\图形学\图形学\Debug\Exp3.pdb" /SUBSYSTEM:WINDOWS /TLBID:1 /ENTRY:"wWinMainCRTStartup" /DYNAMICBASE /NXCOMPAT /IMPLIB:"E:\图形学\图形学\Debug\Exp3.lib" /MACHINE:X86 Debug\Exp3.res
         Debug\Exp3.obj
         Debug\Exp3Doc.obj
         Debug\Exp3View.obj
         Debug\MainFrm.obj
         Debug\stdafx.obj
         Debug\ViewPointDlg.obj
         Exp3.vcxproj -> E:\图形学\图形学\Debug\Exp3.exe
     1>已完成生成项目“E:\图形学\图形学\Exp3\Exp3.vcxproj”(Build 个目标)的操作。

生成成功。

已用时间 00:00:00.39
