生成启动时间为 2023/12/27 9:08:18。
     1>项目“E:\JLU_CS\图形学\图形学\Exp4\Exp4.vcxproj”在节点 2 上(Build 个目标)。
     1>ClCompile:
         D:\Program Files (x86)\Microsoft Visual Studio 12.0\VC\bin\CL.exe /c /ZI /nologo /W3 /WX- /Od /Oy- /D WIN32 /D _WINDOWS /D _DEBUG /D _UNICODE /D UNICODE /D _AFXDLL /Gm /EHsc /RTC1 /MDd /GS /fp:precise /Zc:wchar_t /Zc:forScope /Yc"stdafx.h" /Fp"Debug\Exp4.pch" /Fo"Debug\\" /Fd"Debug\vc120.pdb" /Gd /TP /analyze- /errorReport:prompt stdafx.cpp
         stdafx.cpp
         D:\Program Files (x86)\Microsoft Visual Studio 12.0\VC\bin\CL.exe /c /ZI /nologo /W3 /WX- /Od /Oy- /D WIN32 /D _WINDOWS /D _DEBUG /D _UNICODE /D UNICODE /D _AFXDLL /Gm /EHsc /RTC1 /MDd /GS /fp:precise /Zc:wchar_t /Zc:forScope /Yu"stdafx.h" /Fp"Debug\Exp4.pch" /Fo"Debug\\" /Fd"Debug\vc120.pdb" /Gd /TP /analyze- /errorReport:prompt Exp4.cpp Exp4Doc.cpp Exp4View.cpp MainFrm.cpp
         MainFrm.cpp
         Exp4View.cpp
         Exp4Doc.cpp
         Exp4.cpp
         正在生成代码...
       ResourceCompile:
         C:\Program Files (x86)\Windows Kits\8.1\bin\x86\rc.exe /D _DEBUG /D _UNICODE /D UNICODE /D _AFXDLL /l"0x0804" /IDebug\ /nologo /fo"Debug\Exp4.res" Exp4.rc 
       Link:
         D:\Program Files (x86)\Microsoft Visual Studio 12.0\VC\bin\link.exe /ERRORREPORT:PROMPT /OUT:"E:\JLU_CS\图形学\图形学\Debug\Exp4.exe" /INCREMENTAL /NOLOGO /MANIFEST /MANIFESTUAC:"level='asInvoker' uiAccess='false'" /manifest:embed /manifestinput:"D:\Program Files (x86)\Microsoft Visual Studio 12.0\VC\Include\Manifest\dpiaware.manifest" /DEBUG /PDB:"E:\JLU_CS\图形学\图形学\Debug\Exp4.pdb" /SUBSYSTEM:WINDOWS /TLBID:1 /ENTRY:"wWinMainCRTStartup" /DYNAMICBASE /NXCOMPAT /IMPLIB:"E:\JLU_CS\图形学\图形学\Debug\Exp4.lib" /MACHINE:X86 Debug\Exp4.res
         Debug\Exp4.obj
         Debug\Exp4Doc.obj
         Debug\Exp4View.obj
         Debug\MainFrm.obj
         Debug\stdafx.obj
         Exp4.vcxproj -> E:\JLU_CS\图形学\图形学\Debug\Exp4.exe
     1>已完成生成项目“E:\JLU_CS\图形学\图形学\Exp4\Exp4.vcxproj”(Build 个目标)的操作。

生成成功。

已用时间 00:00:02.00
