e:\图形学\图形学\exp6\debug\exp6.pch
e:\图形学\图形学\exp6\debug\vc120.pdb
e:\图形学\图形学\exp6\debug\vc120.idb
e:\图形学\图形学\exp6\debug\stdafx.obj
e:\图形学\图形学\exp6\debug\exp6.obj
e:\图形学\图形学\exp6\debug\exp6doc.obj
e:\图形学\图形学\exp6\debug\exp6view.obj
e:\图形学\图形学\exp6\debug\mainfrm.obj
e:\图形学\图形学\debug\exp6.ilk
e:\图形学\图形学\debug\exp6.exe
e:\图形学\图形学\debug\exp6.pdb
e:\图形学\图形学\exp6\debug\exp6.res
e:\图形学\图形学\exp6\debug\exp6.tlog\cl.command.1.tlog
e:\图形学\图形学\exp6\debug\exp6.tlog\cl.read.1.tlog
e:\图形学\图形学\exp6\debug\exp6.tlog\cl.write.1.tlog
e:\图形学\图形学\exp6\debug\exp6.tlog\link.command.1.tlog
e:\图形学\图形学\exp6\debug\exp6.tlog\link.read.1.tlog
e:\图形学\图形学\exp6\debug\exp6.tlog\link.write.1.tlog
e:\图形学\图形学\exp6\debug\exp6.tlog\rc.command.1.tlog
e:\图形学\图形学\exp6\debug\exp6.tlog\rc.read.1.tlog
e:\图形学\图形学\exp6\debug\exp6.tlog\rc.write.1.tlog
